   02/02/2017 14:16:32      MCTIPROGRA8   El nombre de objeto 'x' no es válido.   consultarTabla      en PV.ClsDb.consultarTabla(String sqlQuery) en C:\Sistemas San Diego\PV\PV\PV\DB\ClsDb.cs:línea 156
   en PV.Form1.Form1_Load(Object sender, EventArgs e) en C:\Sistemas San Diego\PV\PV\PV\Form1.cs:línea 25

   02/02/2017 14:17:07      MCTIPROGRA8   El nombre de objeto 'x' no es válido.   consultarTabla      en PV.ClsDb.consultarTabla(String sqlQuery) en C:\Sistemas San Diego\PV\PV\PV\DB\ClsDb.cs:línea 156
   en PV.Form1.Form1_Load(Object sender, EventArgs e) en C:\Sistemas San Diego\PV\PV\PV\Form1.cs:línea 25

   03/02/2017 9:12:06      MCTIPROGRA8   El nombre de objeto 'TblRol' no es válido.   consultarTabla      en PV.ClsDb.consultarTabla(String sqlQuery) en C:\Sistemas San Diego\PV\PV\PV\DB\ClsDb.cs:línea 156
   en PV.BL.ClsSeguridad.seleccionarRol() en C:\Sistemas San Diego\PV\PV\PV\BL\ClsSeguridad.cs:línea 18
   en PV.FrmRol.cargarComboRol() en C:\Sistemas San Diego\PV\PV\PV\Vistas\FrmRol.cs:línea 28

   03/02/2017 9:32:46      MCTIPROGRA8   El nombre de objeto 'TblSecRol' no es válido.   consultarTabla      en PV.ClsDb.consultarTabla(String sqlQuery) en C:\Sistemas San Diego\PV\PV\PV\DB\ClsDb.cs:línea 156
   en PV.BL.ClsSeguridad.seleccionarRol() en C:\Sistemas San Diego\PV\PV\PV\BL\ClsSeguridad.cs:línea 18
   en PV.FrmRol.cargarComboRol() en C:\Sistemas San Diego\PV\PV\PV\Vistas\FrmRol.cs:línea 28

   03/02/2017 12:43:47      MCTIPROGRA8   Procedure or function 'SpFormulariosRol' expects parameter '@PidRol', which was not supplied.   consultarTabla      en PV.ClsDb.consultarTabla(String spNombre, SqlConnection cn, SqlParameter[] arrParam) en C:\Sistemas San Diego\PV\PV\PV\DB\ClsDb.cs:línea 187
   en PV.BL.ClsSeguridad.selecFormulariosRol(Int32 idRol) en C:\Sistemas San Diego\PV\PV\PV\BL\ClsSeguridad.cs:línea 29
   en PV.FrmRol.cboRol_SelectionChangeCommitted(Object sender, EventArgs e) en C:\Sistemas San Diego\PV\PV\PV\Vistas\FrmRol.cs:línea 51

   03/02/2017 15:38:58      MCTIPROGRA8   La cadena de entrada no tiene el formato correcto.   StringToNumber      en System.Number.StringToNumber(String str, NumberStyles options, NumberBuffer& number, NumberFormatInfo info, Boolean parseDecimal)
   en System.Number.ParseInt32(String s, NumberStyles style, NumberFormatInfo info)
   en System.Int16.Parse(String s, NumberStyles style, NumberFormatInfo info)
   en System.Convert.ToInt16(String value)
   en PV.FrmRol.btnGrabar_Click(Object sender, EventArgs e) en C:\Sistemas San Diego\PV\PV\PV\Vistas\FrmRol.cs:línea 113

   03/02/2017 15:49:08      MCTIPROGRA8   La cadena de entrada no tiene el formato correcto.   StringToNumber      en System.Number.StringToNumber(String str, NumberStyles options, NumberBuffer& number, NumberFormatInfo info, Boolean parseDecimal)
   en System.Number.ParseInt32(String s, NumberStyles style, NumberFormatInfo info)
   en System.Convert.ToInt32(String value)
   en PV.FrmRol.btnGrabar_Click(Object sender, EventArgs e)

   06/02/2017 11:36:02      MCTIPROGRA8   ExecuteScalar requiere una Connection abierta y disponible. El estado actual de la conexión es cerrada.   consultarEscalar      en PV.ClsDb.consultarEscalar(String sqlQuery, SqlConnection cn) en C:\Sistemas San Diego\PV\PV\PV\DB\ClsDb.cs:línea 239
   en PV.BL.ClsSeguridad.existeNombreRol(String nombre) en C:\Sistemas San Diego\PV\PV\PV\BL\ClsSeguridad.cs:línea 65
   en PV.Vistas.FrmNuevoRol.btnGrabar_Click(Object sender, EventArgs e) en C:\Sistemas San Diego\PV\PV\PV\Vistas\FrmNuevoRol.cs:línea 25

   06/02/2017 16:39:43      MCTIPROGRA8   Referencia a objeto no establecida como instancia de un objeto.   fNull      en PV.ClsDb.fNull(String xstring) en C:\Sistemas San Diego\PV\PV\PV\DB\ClsDb.cs:línea 34
   en PV.ClsDb.Parametro(String nombre, String valor) en C:\Sistemas San Diego\PV\PV\PV\DB\ClsDb.cs:línea 313
   en PV.BL.ClsSeguridad.grabarModificarUsuario(String idUsuario, String nombre, String usuario, String fechaNacimiento, String descripcion, String activo, String cambiarContrasena) en C:\Sistemas San Diego\PV\PV\PV\BL\ClsSeguridad.cs:línea 92
   en PV.Vistas.FrmUsuario.btnGrabar_Click(Object sender, EventArgs e) en C:\Sistemas San Diego\PV\PV\PV\Vistas\FrmUsuario.cs:línea 38

   06/02/2017 16:40:45      MCTIPROGRA8   Referencia a objeto no establecida como instancia de un objeto.   fNull      en PV.ClsDb.fNull(String xstring) en C:\Sistemas San Diego\PV\PV\PV\DB\ClsDb.cs:línea 34
   en PV.ClsDb.Parametro(String nombre, String valor) en C:\Sistemas San Diego\PV\PV\PV\DB\ClsDb.cs:línea 313
   en PV.BL.ClsSeguridad.grabarModificarUsuario(String idUsuario, String nombre, String usuario, String fechaNacimiento, String descripcion, String activo, String cambiarContrasena) en C:\Sistemas San Diego\PV\PV\PV\BL\ClsSeguridad.cs:línea 92
   en PV.Vistas.FrmUsuario.btnGrabar_Click(Object sender, EventArgs e) en C:\Sistemas San Diego\PV\PV\PV\Vistas\FrmUsuario.cs:línea 38

   6/02/2017 20:21:02      KKROT-PC   Error al convertir el tipo de datos nvarchar a date.   ejecutarSP      en PV.ClsDb.ejecutarSP(String spNombre, SqlConnection cn, SqlParameter[] arrParam)
   en PV.BL.ClsSeguridad.grabarModificarUsuario(String idUsuario, String nombre, String usuario, String fechaNacimiento, String descripcion, String activo, String cambiarContrasena)
   en PV.Vistas.FrmUsuario.btnGrabar_Click(Object sender, EventArgs e)

   09/02/2017 8:58:59      MCTIPROGRA8   Referencia a objeto no establecida como instancia de un objeto.   fNull      en PV.ClsDb.fNull(String xstring) en C:\Sistemas San Diego\PV\PV\PV\DB\ClsDb.cs:línea 34
   en PV.ClsDb.Parametro(String nombre, String valor) en C:\Sistemas San Diego\PV\PV\PV\DB\ClsDb.cs:línea 313
   en PV.BL.ClsSeguridad.cargarRolUsuario(String idUsuario) en C:\Sistemas San Diego\PV\PV\PV\BL\ClsSeguridad.cs:línea 121
   en PV.Vistas.FrmRolUsuario.FrmRolUsuario_Load(Object sender, EventArgs e) en C:\Sistemas San Diego\PV\PV\PV\Vistas\seguridad\FrmRolUsuario.cs:línea 27

   09/02/2017 9:10:51      MCTIPROGRA8   Procedure or function 'SpAsignarDesasignarRol' expects parameter '@PidUsuario', which was not supplied.   ejecutarSP      en PV.ClsDb.ejecutarSP(String spNombre, SqlConnection cn, SqlParameter[] arrParam) en C:\Sistemas San Diego\PV\PV\PV\DB\ClsDb.cs:línea 287
   en PV.BL.ClsSeguridad.asignarDesasignarRol(String idUsuario, String idRol, String acceso) en C:\Sistemas San Diego\PV\PV\PV\BL\ClsSeguridad.cs:línea 133
   en PV.Vistas.FrmRolUsuario.btnGrabar_Click(Object sender, EventArgs e) en C:\Sistemas San Diego\PV\PV\PV\Vistas\seguridad\FrmRolUsuario.cs:línea 43

   09/02/2017 15:10:55      MCTIPROGRA8   Could not find stored procedure 'SpStipoVehiculo'.   consultarTabla      en PV.ClsDb.consultarTabla(String spNombre, SqlConnection cn, SqlParameter[] arrParam) en C:\Sistemas San Diego\PV\PV\PV\DB\ClsDb.cs:línea 187
   en PV.BL.ClsTipoVehiculo.seleccionar(String criterio) en C:\Sistemas San Diego\PV\PV\PV\BL\ClsTipoVehiculo.cs:línea 35
   en PV.Vistas.frmTipoVehiculo.buscar() en C:\Sistemas San Diego\PV\PV\PV\Vistas\maestros\frmTipoVehiculo.cs:línea 44
   en PV.Vistas.frmTipoVehiculo.frmTipoVehiculo_Load(Object sender, EventArgs e) en C:\Sistemas San Diego\PV\PV\PV\Vistas\maestros\frmTipoVehiculo.cs:línea 26

   16/02/2017 9:47:59      SOPORTE-PC   No se pudo encontrar la columna denominada idMarcaCol.
Nombre del parámetro: columnName   get_Item      en System.Windows.Forms.DataGridViewCellCollection.get_Item(String columnName)
   en PV.Vistas.maestros.frmMarcaV.grdExistentes_CellClick(Object sender, DataGridViewCellEventArgs e) en c:\Users\Soporte\Documents\GitHub\PV\PV\Vistas\maestros\frmMarcaV.cs:línea 74

   16/02/2017 10:02:24      SOPORTE-PC   No se pudo encontrar la columna denominada idMarcaCol.
Nombre del parámetro: columnName   get_Item      en System.Windows.Forms.DataGridViewCellCollection.get_Item(String columnName)
   en PV.Vistas.maestros.frmMarcaV.grdExistentes_CellClick(Object sender, DataGridViewCellEventArgs e) en c:\Users\Soporte\Documents\GitHub\PV\PV\Vistas\maestros\frmMarcaV.cs:línea 74

   16/02/2017 10:04:31      SOPORTE-PC   No se pudo encontrar la columna denominada idMarcaCol.
Nombre del parámetro: columnName   get_Item      en System.Windows.Forms.DataGridViewCellCollection.get_Item(String columnName)
   en PV.Vistas.maestros.frmMarcaV.grdExistentes_CellClick(Object sender, DataGridViewCellEventArgs e) en c:\Users\Soporte\Documents\GitHub\PV\PV\Vistas\maestros\frmMarcaV.cs:línea 74

   16/02/2017 10:04:41      SOPORTE-PC   No se pudo encontrar la columna denominada idMarcaCol.
Nombre del parámetro: columnName   get_Item      en System.Windows.Forms.DataGridViewCellCollection.get_Item(String columnName)
   en PV.Vistas.maestros.frmMarcaV.grdExistentes_CellClick(Object sender, DataGridViewCellEventArgs e) en c:\Users\Soporte\Documents\GitHub\PV\PV\Vistas\maestros\frmMarcaV.cs:línea 74

   16/02/2017 10:05:13      SOPORTE-PC   No se pudo encontrar la columna denominada idMarcaCol.
Nombre del parámetro: columnName   get_Item      en System.Windows.Forms.DataGridViewCellCollection.get_Item(String columnName)
   en PV.Vistas.maestros.frmMarcaV.grdExistentes_CellClick(Object sender, DataGridViewCellEventArgs e) en c:\Users\Soporte\Documents\GitHub\PV\PV\Vistas\maestros\frmMarcaV.cs:línea 74

   16/02/2017 10:05:50      SOPORTE-PC   Referencia a objeto no establecida como instancia de un objeto.   grdExistentes_CellClick      en PV.Vistas.maestros.frmMarcaV.grdExistentes_CellClick(Object sender, DataGridViewCellEventArgs e) en c:\Users\Soporte\Documents\GitHub\PV\PV\Vistas\maestros\frmMarcaV.cs:línea 74

   16/02/2017 10:06:05      SOPORTE-PC   Referencia a objeto no establecida como instancia de un objeto.   grdExistentes_CellClick      en PV.Vistas.maestros.frmMarcaV.grdExistentes_CellClick(Object sender, DataGridViewCellEventArgs e) en c:\Users\Soporte\Documents\GitHub\PV\PV\Vistas\maestros\frmMarcaV.cs:línea 81

   21/02/2017 21:54:28      KKROT-PC   No se puede borrar esta lista.   System.Collections.IList.Clear      en System.Data.DataView.System.Collections.IList.Clear()
   en System.Windows.Forms.DataGridViewRowCollection.Clear()
   en PV.FrmPago.cargarListaPagos() en D:\github\PV\PV\PV\Vistas\movimientos\FrmPago.cs:línea 75

   22/02/2017 00:47:04      KKROT-PC   Referencia a objeto no establecida como instancia de un objeto.   fNull      en PV.ClsDb.fNull(String xstring)
   en PV.ClsDb.Parametro(String nombre, String valor)
   en PV.BL.ClsPago.grabarPago(String idVenta, String monto, String idMetodoPago, String observaciones, String rutaAdjunto)
   en PV.FrmNuevoPago.btnGrabar_Click(Object sender, EventArgs e)

   22/02/2017 00:48:01      KKROT-PC   Referencia a objeto no establecida como instancia de un objeto.   fNull      en PV.ClsDb.fNull(String xstring)
   en PV.ClsDb.Parametro(String nombre, String valor)
   en PV.BL.ClsPago.grabarPago(String idVenta, String monto, String idMetodoPago, String observaciones, String rutaAdjunto)
   en PV.FrmNuevoPago.btnGrabar_Click(Object sender, EventArgs e)

   22/02/2017 00:52:23      KKROT-PC   Referencia a objeto no establecida como instancia de un objeto.   fNull      en PV.ClsDb.fNull(String xstring)
   en PV.ClsDb.Parametro(String nombre, String valor)
   en PV.BL.ClsPago.grabarPago(String idVenta, String monto, String idMetodoPago, String observaciones, String rutaAdjunto)
   en PV.FrmNuevoPago.btnGrabar_Click(Object sender, EventArgs e)

   22/02/2017 01:05:26      KKROT-PC   El procedimiento o la función 'SpGrabarPago' esperaba el parámetro '@Pusuario', que no se ha especificado.   ejecutarSP      en PV.ClsDb.ejecutarSP(String spNombre, SqlConnection cn, SqlParameter[] arrParam)
   en PV.BL.ClsPago.grabarPago(String idVenta, String monto, String idMetodoPago, String observaciones, String rutaAdjunto)
   en PV.FrmNuevoPago.btnGrabar_Click(Object sender, EventArgs e)

   22/02/2017 01:07:09      KKROT-PC   Error al convertir una cadena de caracteres en fecha y/u hora.   ejecutarSP      en PV.ClsDb.ejecutarSP(String spNombre, SqlConnection cn, SqlParameter[] arrParam)
   en PV.BL.ClsPago.grabarPago(String idVenta, String monto, String idMetodoPago, String observaciones, String rutaAdjunto)
   en PV.FrmNuevoPago.btnGrabar_Click(Object sender, EventArgs e)

   22/02/2017 01:14:42      KKROT-PC   El pago debe ser un número positivo   ejecutarSP      en PV.ClsDb.ejecutarSP(String spNombre, SqlConnection cn, SqlParameter[] arrParam)
   en PV.BL.ClsPago.grabarPago(String idVenta, String monto, String idMetodoPago, String observaciones, String rutaAdjunto)
   en PV.FrmNuevoPago.btnGrabar_Click(Object sender, EventArgs e)

   22/02/2017 01:15:54      KKROT-PC   El pago debe estar entre Q1.00 y 1733.33 Para completar la cuota pendiente   ejecutarSP      en PV.ClsDb.ejecutarSP(String spNombre, SqlConnection cn, SqlParameter[] arrParam)
   en PV.BL.ClsPago.grabarPago(String idVenta, String monto, String idMetodoPago, String observaciones, String rutaAdjunto)
   en PV.FrmNuevoPago.btnGrabar_Click(Object sender, EventArgs e)

   22/02/2017 01:17:06      KKROT-PC   El pago debe ser un número positivo   ejecutarSP      en PV.ClsDb.ejecutarSP(String spNombre, SqlConnection cn, SqlParameter[] arrParam)
   en PV.BL.ClsPago.grabarPago(String idVenta, String monto, String idMetodoPago, String observaciones, String rutaAdjunto)
   en PV.FrmNuevoPago.btnGrabar_Click(Object sender, EventArgs e)

   23/02/2017 11:54:08      MCTIPROGRA8   Error relacionado con la red o específico de la instancia mientras se establecía una conexión con el servidor SQL Server. No se encontró el servidor o éste no estaba accesible. Compruebe que el nombre de la instancia es correcto y que SQL Server está configurado para admitir conexiones remotas. (provider: SQL Network Interfaces, error: 26 - Error al buscar el servidor o instancia especificado)   consultarTabla      en PV.ClsDb.consultarTabla(String spNombre, SqlConnection cn, SqlParameter[] arrParam) en C:\gitRepos\PV\PV\PV\DB\ClsDb.cs:línea 187
   en PV.BL.ClsPago.buscarVentaEncabezado(String criterio) en C:\gitRepos\PV\PV\PV\BL\ClsPago.cs:línea 23
   en PV.FrmPago.btnBuscar_Click(Object sender, EventArgs e) en C:\gitRepos\PV\PV\PV\Vistas\movimientos\FrmPago.cs:línea 30

   23/02/2017 18:31:48   aramirez   KKROT-PC   El pago debe estar entre Q1.00 y 1713.33 Para completar la cuota pendiente   ejecutarSP      en PV.ClsDb.ejecutarSP(String spNombre, SqlConnection cn, SqlParameter[] arrParam) en D:\github\PV\PV\PV\DB\ClsDb.cs:línea 287
   en PV.BL.ClsPago.grabarPago(String idVenta, String monto, String idMetodoPago, String observaciones, String rutaAdjunto) en D:\github\PV\PV\PV\BL\ClsPago.cs:línea 69
   en PV.FrmNuevoPago.btnGrabar_Click(Object sender, EventArgs e) en D:\github\PV\PV\PV\Vistas\movimientos\FrmNuevoPago.cs:línea 101

   23/02/2017 18:32:08   aramirez   KKROT-PC   El pago debe estar entre Q1.00 y 1713.33 Para completar la cuota pendiente   ejecutarSP      en PV.ClsDb.ejecutarSP(String spNombre, SqlConnection cn, SqlParameter[] arrParam) en D:\github\PV\PV\PV\DB\ClsDb.cs:línea 287
   en PV.BL.ClsPago.grabarPago(String idVenta, String monto, String idMetodoPago, String observaciones, String rutaAdjunto) en D:\github\PV\PV\PV\BL\ClsPago.cs:línea 69
   en PV.FrmNuevoPago.btnGrabar_Click(Object sender, EventArgs e) en D:\github\PV\PV\PV\Vistas\movimientos\FrmNuevoPago.cs:línea 101

   23/02/2017 19:10:00   aramirez   KKROT-PC   El pago debe estar entre Q1.00 y 3666.66   ejecutarSP      en PV.ClsDb.ejecutarSP(String spNombre, SqlConnection cn, SqlParameter[] arrParam) en D:\github\PV\PV\PV\DB\ClsDb.cs:línea 287
   en PV.BL.ClsPago.grabarPago(String idVenta, String monto, String idMetodoPago, String observaciones, String rutaAdjunto) en D:\github\PV\PV\PV\BL\ClsPago.cs:línea 69
   en PV.FrmNuevoPago.btnGrabar_Click(Object sender, EventArgs e) en D:\github\PV\PV\PV\Vistas\movimientos\FrmNuevoPago.cs:línea 101

   23/02/2017 19:10:32   aramirez   KKROT-PC   El pago debe estar entre Q1.00 y 3666.66   ejecutarSP      en PV.ClsDb.ejecutarSP(String spNombre, SqlConnection cn, SqlParameter[] arrParam) en D:\github\PV\PV\PV\DB\ClsDb.cs:línea 287
   en PV.BL.ClsPago.grabarPago(String idVenta, String monto, String idMetodoPago, String observaciones, String rutaAdjunto) en D:\github\PV\PV\PV\BL\ClsPago.cs:línea 69
   en PV.FrmNuevoPago.btnGrabar_Click(Object sender, EventArgs e) en D:\github\PV\PV\PV\Vistas\movimientos\FrmNuevoPago.cs:línea 101

   23/02/2017 19:11:27   aramirez   KKROT-PC   El pago debe estar entre Q1.00 y 3666.66   ejecutarSP      en PV.ClsDb.ejecutarSP(String spNombre, SqlConnection cn, SqlParameter[] arrParam) en D:\github\PV\PV\PV\DB\ClsDb.cs:línea 287
   en PV.BL.ClsPago.grabarPago(String idVenta, String monto, String idMetodoPago, String observaciones, String rutaAdjunto) en D:\github\PV\PV\PV\BL\ClsPago.cs:línea 69
   en PV.FrmNuevoPago.btnGrabar_Click(Object sender, EventArgs e) en D:\github\PV\PV\PV\Vistas\movimientos\FrmNuevoPago.cs:línea 101

   23/02/2017 19:14:28   aramirez   KKROT-PC   El pago debe estar entre Q1.00 y 0.00   ejecutarSP      en PV.ClsDb.ejecutarSP(String spNombre, SqlConnection cn, SqlParameter[] arrParam) en D:\github\PV\PV\PV\DB\ClsDb.cs:línea 287
   en PV.BL.ClsPago.grabarPago(String idVenta, String monto, String idMetodoPago, String observaciones, String rutaAdjunto) en D:\github\PV\PV\PV\BL\ClsPago.cs:línea 69
   en PV.FrmNuevoPago.btnGrabar_Click(Object sender, EventArgs e) en D:\github\PV\PV\PV\Vistas\movimientos\FrmNuevoPago.cs:línea 101

   23/02/2017 19:30:12   aramirez   KKROT-PC   El pago debe estar entre Q1.00 y 833.33 Para completar la cuota pendiente   ejecutarSP      en PV.ClsDb.ejecutarSP(String spNombre, SqlConnection cn, SqlParameter[] arrParam) en D:\github\PV\PV\PV\DB\ClsDb.cs:línea 287
   en PV.BL.ClsPago.grabarPago(String idVenta, String monto, String idMetodoPago, String observaciones, String rutaAdjunto) en D:\github\PV\PV\PV\BL\ClsPago.cs:línea 69
   en PV.FrmNuevoPago.btnGrabar_Click(Object sender, EventArgs e) en D:\github\PV\PV\PV\Vistas\movimientos\FrmNuevoPago.cs:línea 101

   23/02/2017 21:07:50      KKROT-PC   El objeto de origen de datos del informe debe ser de tipo System.Data.DataTable, System.Collections.IEnumerable, System.Windows.Forms.BindingSource o System.Type.   set_Value      en Microsoft.Reporting.WinForms.ReportDataSource.set_Value(Object value)
   en Microsoft.Reporting.WinForms.ReportDataSource..ctor(String name, Object dataSourceValue)
   en PV.FrmReporte.cargarReporte(String nombreReporte, Object origenDatos) en D:\github\PV\PV\PV\Reportes\FrmReporte.cs:línea 46

   23/02/2017 21:09:38      KKROT-PC   El objeto de origen de datos del informe debe ser de tipo System.Data.DataTable, System.Collections.IEnumerable, System.Windows.Forms.BindingSource o System.Type.   set_Value      en Microsoft.Reporting.WinForms.ReportDataSource.set_Value(Object value)
   en Microsoft.Reporting.WinForms.ReportDataSource..ctor(String name, Object dataSourceValue)
   en PV.FrmReporte.cargarReporte(String nombreReporte, Object origenDatos)

   23/02/2017 23:58:44      KKROT-PC   La actual contraseña no coincide   ejecutarSP      en PV.ClsDb.ejecutarSP(String spNombre, SqlConnection cn, SqlParameter[] arrParam) en D:\github\PV\PV\PV\DB\ClsDb.cs:línea 287
   en PV.BL.ClsSeguridad.cambiarContrasena(String usuario, String antigua, String nueva) en D:\github\PV\PV\PV\BL\ClsSeguridad.cs:línea 160
   en PV.FrmCambiarContrasena.btnIniciar_Click(Object sender, EventArgs e) en D:\github\PV\PV\PV\Vistas\seguridad\FrmCambiarContrasena.cs:línea 38

   24/02/2017 01:09:16      KKROT-PC   Acceso denegado a la ruta de acceso 'D:\temp'.   WinIOError      en System.IO.__Error.WinIOError(Int32 errorCode, String maybeFullPath)
   en System.IO.FileStream.Init(String path, FileMode mode, FileAccess access, Int32 rights, Boolean useRights, FileShare share, Int32 bufferSize, FileOptions options, SECURITY_ATTRIBUTES secAttrs, String msgPath, Boolean bFromProxy, Boolean useLongPath, Boolean checkHost)
   en System.IO.FileStream..ctor(String path, FileMode mode, FileAccess access, FileShare share, Int32 bufferSize)
   en System.IO.File.Create(String path)
   en PV.FrmCrearBackup.btnCrearCopia_Click(Object sender, EventArgs e) en D:\github\PV\PV\PV\Vistas\backups\FrmCrearBackup.cs:línea 40

   24/02/2017 01:10:20      KKROT-PC   Acceso denegado a la ruta de acceso 'C:\Users\Kkrot\Desktop\bak'.   WinIOError      en System.IO.__Error.WinIOError(Int32 errorCode, String maybeFullPath)
   en System.IO.FileStream.Init(String path, FileMode mode, FileAccess access, Int32 rights, Boolean useRights, FileShare share, Int32 bufferSize, FileOptions options, SECURITY_ATTRIBUTES secAttrs, String msgPath, Boolean bFromProxy, Boolean useLongPath, Boolean checkHost)
   en System.IO.FileStream..ctor(String path, FileMode mode, FileAccess access, FileShare share, Int32 bufferSize)
   en System.IO.File.Create(String path)
   en PV.FrmCrearBackup.btnCrearCopia_Click(Object sender, EventArgs e) en D:\github\PV\PV\PV\Vistas\backups\FrmCrearBackup.cs:línea 40

   24/02/2017 01:11:11      KKROT-PC   Acceso denegado a la ruta de acceso 'C:\Users\Kkrot\Desktop\bak'.   WinIOError      en System.IO.__Error.WinIOError(Int32 errorCode, String maybeFullPath)
   en System.IO.FileStream.Init(String path, FileMode mode, FileAccess access, Int32 rights, Boolean useRights, FileShare share, Int32 bufferSize, FileOptions options, SECURITY_ATTRIBUTES secAttrs, String msgPath, Boolean bFromProxy, Boolean useLongPath, Boolean checkHost)
   en System.IO.FileStream..ctor(String path, FileMode mode, FileAccess access, FileShare share, Int32 bufferSize)
   en System.IO.File.Create(String path)
   en PV.FrmCrearBackup.btnCrearCopia_Click(Object sender, EventArgs e) en D:\github\PV\PV\PV\Vistas\backups\FrmCrearBackup.cs:línea 40

   24/02/2017 01:13:49      KKROT-PC   Sintaxis incorrecta cerca de la palabra clave 'TO'.   ejecutarConsulta      en PV.ClsDb.ejecutarConsulta(String sqlQuery, SqlConnection cn) en D:\github\PV\PV\PV\DB\ClsDb.cs:línea 260
   en PV.FrmCrearBackup.btnCrearCopia_Click(Object sender, EventArgs e) en D:\github\PV\PV\PV\Vistas\backups\FrmCrearBackup.cs:línea 54

   24/02/2017 01:19:28      KKROT-PC   Sintaxis incorrecta cerca de la palabra clave 'TO'.   ejecutarConsulta      en PV.ClsDb.ejecutarConsulta(String sqlQuery, SqlConnection cn)
   en PV.FrmCrearBackup.btnCrearCopia_Click(Object sender, EventArgs e)

   24/02/2017 01:23:05      KKROT-PC   No se puede abrir el dispositivo de copia de seguridad 'C:\Users\Kkrot\Desktop\bakDbPV24-2-2017-1.22.45.bak'. Error de sistema operativo 5(failed to retrieve text for this error. Reason: 15100).
Fin anómalo de BACKUP DATABASE.   ejecutarConsulta      en PV.ClsDb.ejecutarConsulta(String sqlQuery, SqlConnection cn)
   en PV.FrmCrearBackup.btnCrearCopia_Click(Object sender, EventArgs e)

   24/02/2017 01:27:56      KKROT-PC   No se puede abrir el dispositivo de copia de seguridad 'C:\Users\Kkrot\Desktop\bak\DbPV24-2-2017-1.27.19.bak'. Error de sistema operativo 5(failed to retrieve text for this error. Reason: 15105).
Fin anómalo de BACKUP DATABASE.   ejecutarConsulta      en PV.ClsDb.ejecutarConsulta(String sqlQuery, SqlConnection cn) en D:\github\PV\PV\PV\DB\ClsDb.cs:línea 260
   en PV.FrmCrearBackup.btnCrearCopia_Click(Object sender, EventArgs e) en D:\github\PV\PV\PV\Vistas\backups\FrmCrearBackup.cs:línea 54

   26/02/2017 15:41:36   aramirez   KKROT-PC   Referencia a objeto no establecida como instancia de un objeto.   mostrarMenu      en PV.FrmMain.mostrarMenu() en D:\github\PV\PV\PV\Vistas\FrmMain.cs:línea 57
   en PV.FrmMain.FrmMain_Load(Object sender, EventArgs e) en D:\github\PV\PV\PV\Vistas\FrmMain.cs:línea 33

   26/02/2017 15:43:31   aramirez   KKROT-PC   Referencia a objeto no establecida como instancia de un objeto.   mostrarMenu      en PV.FrmMain.mostrarMenu() en D:\github\PV\PV\PV\Vistas\FrmMain.cs:línea 57
   en PV.FrmMain.FrmMain_Load(Object sender, EventArgs e) en D:\github\PV\PV\PV\Vistas\FrmMain.cs:línea 33

   26/02/2017 16:05:50   aramirez   KKROT-PC   La expresión contiene una llamada a la función sin definir LTRIM().   .ctor      en System.Data.FunctionNode..ctor(DataTable table, String name)
   en System.Data.ExpressionParser.Parse()
   en System.Data.DataExpression..ctor(DataTable table, String expression, Type type)
   en System.Data.DataTable.Select(String filterExpression)
   en PV.FrmMain.ribbon_ItemClick(Object sender, ItemClickEventArgs e)

   26/02/2017 16:08:54   aramirez   KKROT-PC   Referencia a objeto no establecida como instancia de un objeto.   ribbon_ItemClick      en PV.FrmMain.ribbon_ItemClick(Object sender, ItemClickEventArgs e)

   26/02/2017 16:26:39   aramirez   KKROT-PC   Referencia a objeto no establecida como instancia de un objeto.   ribbon_ItemClick      en PV.FrmMain.ribbon_ItemClick(Object sender, ItemClickEventArgs e) en D:\github\PV\PV\PV\Vistas\FrmMain.cs:línea 75

   26/02/2017 16:29:56   aramirez   KKROT-PC   Referencia a objeto no establecida como instancia de un objeto.   mostrarMenu      en PV.FrmMain.mostrarMenu() en D:\github\PV\PV\PV\Vistas\FrmMain.cs:línea 60
   en PV.FrmMain.FrmMain_Load(Object sender, EventArgs e) en D:\github\PV\PV\PV\Vistas\FrmMain.cs:línea 35

   26/02/2017 16:37:03   aramirez   KKROT-PC   Referencia a objeto no establecida como instancia de un objeto.   ribbon_ItemClick      en PV.FrmMain.ribbon_ItemClick(Object sender, ItemClickEventArgs e) en D:\github\PV\PV\PV\Vistas\FrmMain.cs:línea 75

   27/02/2017 19:24:24   aramirez   KKROT-PC   Referencia a objeto no establecida como instancia de un objeto.   ribbon_ItemClick      en PV.FrmMain.ribbon_ItemClick(Object sender, ItemClickEventArgs e) en D:\github\PV\PV\PV\Vistas\FrmMain.cs:línea 107

   27/02/2017 19:24:31   aramirez   KKROT-PC   Referencia a objeto no establecida como instancia de un objeto.   ribbon_ItemClick      en PV.FrmMain.ribbon_ItemClick(Object sender, ItemClickEventArgs e) en D:\github\PV\PV\PV\Vistas\FrmMain.cs:línea 107

   27/02/2017 19:24:33   aramirez   KKROT-PC   Referencia a objeto no establecida como instancia de un objeto.   ribbon_ItemClick      en PV.FrmMain.ribbon_ItemClick(Object sender, ItemClickEventArgs e) en D:\github\PV\PV\PV\Vistas\FrmMain.cs:línea 107

   13/03/2017 09:19:30 p.m.   aramirez   SOPORTE-PC   Referencia a objeto no establecida como instancia de un objeto.   ribbon_ItemClick      en PV.FrmMain.ribbon_ItemClick(Object sender, ItemClickEventArgs e) en c:\Users\Soporte\Documents\GitHub\PVGenesis\PV\Vistas\FrmMain.cs:línea 107

   13/03/2017 09:20:17 p.m.   aramirez   SOPORTE-PC   Referencia a objeto no establecida como instancia de un objeto.   ribbon_ItemClick      en PV.FrmMain.ribbon_ItemClick(Object sender, ItemClickEventArgs e) en c:\Users\Soporte\Documents\GitHub\PVGenesis\PV\Vistas\FrmMain.cs:línea 107

   13/03/2017 09:21:59 p.m.   aramirez   SOPORTE-PC   Referencia a objeto no establecida como instancia de un objeto.   ribbon_ItemClick      en PV.FrmMain.ribbon_ItemClick(Object sender, ItemClickEventArgs e) en c:\Users\Soporte\Documents\GitHub\PVGenesis\PV\Vistas\FrmMain.cs:línea 107

   13/03/2017 09:22:09 p.m.   aramirez   SOPORTE-PC   Referencia a objeto no establecida como instancia de un objeto.   ribbon_ItemClick      en PV.FrmMain.ribbon_ItemClick(Object sender, ItemClickEventArgs e) en c:\Users\Soporte\Documents\GitHub\PVGenesis\PV\Vistas\FrmMain.cs:línea 107

   13/03/2017 09:25:24 p.m.   aramirez   SOPORTE-PC   Referencia a objeto no establecida como instancia de un objeto.   ribbon_ItemClick      en PV.FrmMain.ribbon_ItemClick(Object sender, ItemClickEventArgs e) en c:\Users\Soporte\Documents\GitHub\PVGenesis\PV\Vistas\FrmMain.cs:línea 107

   13/03/2017 09:26:11 p.m.   aramirez   SOPORTE-PC   Referencia a objeto no establecida como instancia de un objeto.   ribbon_ItemClick      en PV.FrmMain.ribbon_ItemClick(Object sender, ItemClickEventArgs e) en c:\Users\Soporte\Documents\GitHub\PVGenesis\PV\Vistas\FrmMain.cs:línea 107

   13/03/2017 09:29:49 p.m.   aramirez   SOPORTE-PC   Referencia a objeto no establecida como instancia de un objeto.   ribbon_ItemClick      en PV.FrmMain.ribbon_ItemClick(Object sender, ItemClickEventArgs e) en c:\Users\Soporte\Documents\GitHub\PVGenesis\PV\Vistas\FrmMain.cs:línea 107

   13/03/2017 09:30:01 p.m.   aramirez   SOPORTE-PC   Referencia a objeto no establecida como instancia de un objeto.   ribbon_ItemClick      en PV.FrmMain.ribbon_ItemClick(Object sender, ItemClickEventArgs e) en c:\Users\Soporte\Documents\GitHub\PVGenesis\PV\Vistas\FrmMain.cs:línea 107

   13/03/2017 09:46:04 p.m.   aramirez   SOPORTE-PC   Referencia a objeto no establecida como instancia de un objeto.   ribbon_ItemClick      en PV.FrmMain.ribbon_ItemClick(Object sender, ItemClickEventArgs e) en c:\Users\Soporte\Documents\GitHub\PVGenesis\PV\Vistas\FrmMain.cs:línea 107

   13/03/2017 09:46:10 p.m.   aramirez   SOPORTE-PC   Referencia a objeto no establecida como instancia de un objeto.   ribbon_ItemClick      en PV.FrmMain.ribbon_ItemClick(Object sender, ItemClickEventArgs e) en c:\Users\Soporte\Documents\GitHub\PVGenesis\PV\Vistas\FrmMain.cs:línea 107

   13/03/2017 09:51:53 p.m.   aramirez   SOPORTE-PC   No se puede cargar el archivo o ensamblado 'Microsoft.ReportViewer.Common, Version=12.0.0.0, Culture=neutral, PublicKeyToken=89845dcd8080cc91' ni una de sus dependencias. El sistema no puede encontrar el archivo especificado.   .ctor      en Microsoft.Reporting.WinForms.LocalReport..ctor()
   en Microsoft.Reporting.WinForms.ReportViewer.CreateLocalReport()
   en Microsoft.Reporting.WinForms.ReportViewer.Reset()
   en Microsoft.Reporting.WinForms.ReportViewer..ctor()
   en PV.FrmReporte.InitializeComponent() en c:\Users\Soporte\Documents\GitHub\PVGenesis\PV\Reportes\FrmReporte.Designer.cs:línea 31
   en PV.FrmReporte..ctor() en c:\Users\Soporte\Documents\GitHub\PVGenesis\PV\Reportes\FrmReporte.cs:línea 19
   en PV.FrmPago.mostrarEstadoCuenta() en c:\Users\Soporte\Documents\GitHub\PVGenesis\PV\Vistas\movimientos\FrmPago.cs:línea 110
   en PV.FrmPago.grdVenta_CellClick(Object sender, DataGridViewCellEventArgs e) en c:\Users\Soporte\Documents\GitHub\PVGenesis\PV\Vistas\movimientos\FrmPago.cs:línea 54

   13/03/2017 10:23:07 p.m.   aramirez   SOPORTE-PC   No se encontró el procedimiento almacenado 'SpsLineaMarca'.   consultarTabla      en PV.ClsDb.consultarTabla(String spNombre, SqlConnection cn, SqlParameter[] arrParam) en c:\Users\Soporte\Documents\GitHub\PVGenesis\PV\DB\ClsDb.cs:línea 187
   en PV.BL.ClsLinea.seleccionarLineaMarca(String idMarca) en c:\Users\Soporte\Documents\GitHub\PVGenesis\PV\BL\ClsLinea.cs:línea 53
   en PV.Vistas.parciales.PfrmVehiculoNuevo.cargarComboLinea() en c:\Users\Soporte\Documents\GitHub\PVGenesis\PV\Vistas\parciales\PfrmVehiculoNuevo.cs:línea 253
   en PV.Vistas.parciales.PfrmVehiculoNuevo.cmbMarca_selected_item(Object sender, EventArgs e) en c:\Users\Soporte\Documents\GitHub\PVGenesis\PV\Vistas\parciales\PfrmVehiculoNuevo.cs:línea 671

   13/03/2017 10:30:15 p.m.   aramirez   SOPORTE-PC   Referencia a objeto no establecida como instancia de un objeto.   ribbon_ItemClick      en PV.FrmMain.ribbon_ItemClick(Object sender, ItemClickEventArgs e) en c:\Users\Soporte\Documents\GitHub\PVGenesis\PV\Vistas\FrmMain.cs:línea 107

   14/03/2017 07:39:53 a.m.   aramirez   SOPORTE-PC   La cadena de entrada no tiene el formato correcto.   StringToNumber      en System.Number.StringToNumber(String str, NumberStyles options, NumberBuffer& number, NumberFormatInfo info, Boolean parseDecimal)
   en System.Number.ParseInt32(String s, NumberStyles style, NumberFormatInfo info)
   en System.Int32.Parse(String s)
   en PV.Vistas.parciales.PfrmVehiculoNuevo.cargarEdicion() en C:\Users\Soporte\Documents\GitHub\PVGenesis\PV\Vistas\parciales\PfrmVehiculoNuevo.cs:línea 83
   en PV.Vistas.parciales.PfrmVehiculoNuevo.frmPPIngresoVehiculo_load(Object sender, EventArgs e) en C:\Users\Soporte\Documents\GitHub\PVGenesis\PV\Vistas\parciales\PfrmVehiculoNuevo.cs:línea 99

   14/03/2017 07:40:51 a.m.   aramirez   SOPORTE-PC   La cadena de entrada no tiene el formato correcto.   StringToNumber      en System.Number.StringToNumber(String str, NumberStyles options, NumberBuffer& number, NumberFormatInfo info, Boolean parseDecimal)
   en System.Number.ParseInt32(String s, NumberStyles style, NumberFormatInfo info)
   en System.Int32.Parse(String s)
   en PV.Vistas.parciales.PfrmVehiculoNuevo.cargarEdicion() en C:\Users\Soporte\Documents\GitHub\PVGenesis\PV\Vistas\parciales\PfrmVehiculoNuevo.cs:línea 83
   en PV.Vistas.parciales.PfrmVehiculoNuevo.frmPPIngresoVehiculo_load(Object sender, EventArgs e) en C:\Users\Soporte\Documents\GitHub\PVGenesis\PV\Vistas\parciales\PfrmVehiculoNuevo.cs:línea 99

   14/03/2017 07:41:13 a.m.   aramirez   SOPORTE-PC   La cadena de entrada no tiene el formato correcto.   StringToNumber      en System.Number.StringToNumber(String str, NumberStyles options, NumberBuffer& number, NumberFormatInfo info, Boolean parseDecimal)
   en System.Number.ParseInt32(String s, NumberStyles style, NumberFormatInfo info)
   en System.Int32.Parse(String s)
   en PV.Vistas.parciales.PfrmVehiculoNuevo.cargarEdicion() en C:\Users\Soporte\Documents\GitHub\PVGenesis\PV\Vistas\parciales\PfrmVehiculoNuevo.cs:línea 83
   en PV.Vistas.parciales.PfrmVehiculoNuevo.frmPPIngresoVehiculo_load(Object sender, EventArgs e) en C:\Users\Soporte\Documents\GitHub\PVGenesis\PV\Vistas\parciales\PfrmVehiculoNuevo.cs:línea 99

   14/03/2017 07:41:19 a.m.   aramirez   SOPORTE-PC   La cadena de entrada no tiene el formato correcto.   StringToNumber      en System.Number.StringToNumber(String str, NumberStyles options, NumberBuffer& number, NumberFormatInfo info, Boolean parseDecimal)
   en System.Number.ParseInt32(String s, NumberStyles style, NumberFormatInfo info)
   en System.Int32.Parse(String s)
   en PV.Vistas.parciales.PfrmVehiculoNuevo.cargarEdicion() en C:\Users\Soporte\Documents\GitHub\PVGenesis\PV\Vistas\parciales\PfrmVehiculoNuevo.cs:línea 83
   en PV.Vistas.parciales.PfrmVehiculoNuevo.frmPPIngresoVehiculo_load(Object sender, EventArgs e) en C:\Users\Soporte\Documents\GitHub\PVGenesis\PV\Vistas\parciales\PfrmVehiculoNuevo.cs:línea 99

   14/03/2017 07:42:39 a.m.   aramirez   SOPORTE-PC   La cadena de entrada no tiene el formato correcto.   StringToNumber      en System.Number.StringToNumber(String str, NumberStyles options, NumberBuffer& number, NumberFormatInfo info, Boolean parseDecimal)
   en System.Number.ParseInt32(String s, NumberStyles style, NumberFormatInfo info)
   en System.Int32.Parse(String s)
   en PV.Vistas.parciales.PfrmVehiculoNuevo.cargarEdicion() en C:\Users\Soporte\Documents\GitHub\PVGenesis\PV\Vistas\parciales\PfrmVehiculoNuevo.cs:línea 83
   en PV.Vistas.parciales.PfrmVehiculoNuevo.frmPPIngresoVehiculo_load(Object sender, EventArgs e) en C:\Users\Soporte\Documents\GitHub\PVGenesis\PV\Vistas\parciales\PfrmVehiculoNuevo.cs:línea 99

   14/03/2017 07:44:36 a.m.   aramirez   SOPORTE-PC   InvalidArgument=El valor de '2' no es válido para 'SelectedIndex'.
Nombre del parámetro: SelectedIndex   set_SelectedIndex      en System.Windows.Forms.ComboBox.set_SelectedIndex(Int32 value)
   en PV.Vistas.parciales.PfrmVehiculoNuevo.cargarEdicion() en C:\Users\Soporte\Documents\GitHub\PVGenesis\PV\Vistas\parciales\PfrmVehiculoNuevo.cs:línea 83
   en PV.Vistas.parciales.PfrmVehiculoNuevo.frmPPIngresoVehiculo_load(Object sender, EventArgs e) en C:\Users\Soporte\Documents\GitHub\PVGenesis\PV\Vistas\parciales\PfrmVehiculoNuevo.cs:línea 99

   14/03/2017 07:45:04 a.m.   aramirez   SOPORTE-PC   La cadena de entrada no tiene el formato correcto.   StringToNumber      en System.Number.StringToNumber(String str, NumberStyles options, NumberBuffer& number, NumberFormatInfo info, Boolean parseDecimal)
   en System.Number.ParseInt32(String s, NumberStyles style, NumberFormatInfo info)
   en System.Int32.Parse(String s)
   en PV.Vistas.parciales.PfrmVehiculoNuevo.cargarEdicion() en C:\Users\Soporte\Documents\GitHub\PVGenesis\PV\Vistas\parciales\PfrmVehiculoNuevo.cs:línea 83
   en PV.Vistas.parciales.PfrmVehiculoNuevo.frmPPIngresoVehiculo_load(Object sender, EventArgs e) en C:\Users\Soporte\Documents\GitHub\PVGenesis\PV\Vistas\parciales\PfrmVehiculoNuevo.cs:línea 99

   14/03/2017 07:46:20 a.m.   aramirez   SOPORTE-PC   La cadena de entrada no tiene el formato correcto.   StringToNumber      en System.Number.StringToNumber(String str, NumberStyles options, NumberBuffer& number, NumberFormatInfo info, Boolean parseDecimal)
   en System.Number.ParseInt32(String s, NumberStyles style, NumberFormatInfo info)
   en System.Int32.Parse(String s)
   en PV.Vistas.parciales.PfrmVehiculoNuevo.cargarEdicion() en C:\Users\Soporte\Documents\GitHub\PVGenesis\PV\Vistas\parciales\PfrmVehiculoNuevo.cs:línea 83
   en PV.Vistas.parciales.PfrmVehiculoNuevo.frmPPIngresoVehiculo_load(Object sender, EventArgs e) en C:\Users\Soporte\Documents\GitHub\PVGenesis\PV\Vistas\parciales\PfrmVehiculoNuevo.cs:línea 99

   14/03/2017 07:47:28 a.m.   aramirez   SOPORTE-PC   La cadena de entrada no tiene el formato correcto.   StringToNumber      en System.Number.StringToNumber(String str, NumberStyles options, NumberBuffer& number, NumberFormatInfo info, Boolean parseDecimal)
   en System.Number.ParseInt32(String s, NumberStyles style, NumberFormatInfo info)
   en System.Int32.Parse(String s)
   en PV.Vistas.parciales.PfrmVehiculoNuevo.cargarEdicion() en C:\Users\Soporte\Documents\GitHub\PVGenesis\PV\Vistas\parciales\PfrmVehiculoNuevo.cs:línea 83
   en PV.Vistas.parciales.PfrmVehiculoNuevo.frmPPIngresoVehiculo_load(Object sender, EventArgs e) en C:\Users\Soporte\Documents\GitHub\PVGenesis\PV\Vistas\parciales\PfrmVehiculoNuevo.cs:línea 99

   14/03/2017 07:51:04 a.m.   aramirez   SOPORTE-PC   La cadena de entrada no tiene el formato correcto.   StringToNumber      en System.Number.StringToNumber(String str, NumberStyles options, NumberBuffer& number, NumberFormatInfo info, Boolean parseDecimal)
   en System.Number.ParseInt32(String s, NumberStyles style, NumberFormatInfo info)
   en System.Int32.Parse(String s)
   en PV.Vistas.parciales.PfrmVehiculoNuevo.cargarEdicion() en C:\Users\Soporte\Documents\GitHub\PVGenesis\PV\Vistas\parciales\PfrmVehiculoNuevo.cs:línea 81
   en PV.Vistas.parciales.PfrmVehiculoNuevo.frmPPIngresoVehiculo_load(Object sender, EventArgs e) en C:\Users\Soporte\Documents\GitHub\PVGenesis\PV\Vistas\parciales\PfrmVehiculoNuevo.cs:línea 97

   14/03/2017 09:51:04 a.m.   aramirez   SOPORTE-PC   No se puede eliminar porque actualmente hay vehículos que tienen asignado esta marca   ejecutarSP      en PV.ClsDb.ejecutarSP(String spNombre, SqlConnection cn, SqlParameter[] arrParam) en C:\Users\Soporte\Documents\GitHub\PVGenesis\PV\DB\ClsDb.cs:línea 287
   en PV.BL.ClsMarca.eliminar(String idMarca) en C:\Users\Soporte\Documents\GitHub\PVGenesis\PV\BL\ClsMarca.cs:línea 51
   en PV.FrmMarca.grdExistentes_CellClick(Object sender, DataGridViewCellEventArgs e) en C:\Users\Soporte\Documents\GitHub\PVGenesis\PV\Vistas\maestros\FrmMarca.cs:línea 81

   14/03/2017 09:57:35 a.m.   aramirez   SOPORTE-PC   No se puede cargar el archivo o ensamblado 'Microsoft.ReportViewer.Common, Version=12.0.0.0, Culture=neutral, PublicKeyToken=89845dcd8080cc91' ni una de sus dependencias. El sistema no puede encontrar el archivo especificado.   .ctor      en Microsoft.Reporting.WinForms.LocalReport..ctor()
   en Microsoft.Reporting.WinForms.ReportViewer.Reset()
   en Microsoft.Reporting.WinForms.ReportViewer..ctor()
   en PV.FrmReporte.InitializeComponent() en C:\Users\Soporte\Documents\GitHub\PVGenesis\PV\Reportes\FrmReporte.Designer.cs:línea 31
   en PV.FrmReporte..ctor() en C:\Users\Soporte\Documents\GitHub\PVGenesis\PV\Reportes\FrmReporte.cs:línea 19
   en PV.Vistas.parciales.FrmClienteCotizacion.btnGenerarCotizacion_Click(Object sender, EventArgs e) en C:\Users\Soporte\Documents\GitHub\PVGenesis\PV\Vistas\parciales\FrmClienteCotizacion.cs:línea 72

   14/03/2017 11:34:14 a.m.   aramirez   SOPORTE-PC   InvalidArgument=El valor de '1' no es válido para 'SelectedIndex'.
Nombre del parámetro: SelectedIndex   set_SelectedIndex      en System.Windows.Forms.ComboBox.set_SelectedIndex(Int32 value)
   en PV.Vistas.parciales.PfrmVentaNueva.agregarFinanciamiento(String formaPago, String enganche, String plazo) en C:\Users\Soporte\Documents\GitHub\PVGenesis\PV\Vistas\parciales\PfrmVentaNueva.cs:línea 341
   en PV.Vistas.parciales.PfrmCotizacionResultado.btnVenta_Click(Object sender, EventArgs e) en C:\Users\Soporte\Documents\GitHub\PVGenesis\PV\Vistas\parciales\PfrmCotizacionResultado.cs:línea 211

   14/03/2017 11:34:28 a.m.   aramirez   SOPORTE-PC   InvalidArgument=El valor de '0' no es válido para 'SelectedIndex'.
Nombre del parámetro: SelectedIndex   set_SelectedIndex      en System.Windows.Forms.ComboBox.set_SelectedIndex(Int32 value)
   en PV.Vistas.parciales.PfrmVentaNueva.agregarFinanciamiento(String formaPago, String enganche, String plazo) en C:\Users\Soporte\Documents\GitHub\PVGenesis\PV\Vistas\parciales\PfrmVentaNueva.cs:línea 341
   en PV.Vistas.parciales.PfrmCotizacionResultado.btnVenta_Click(Object sender, EventArgs e) en C:\Users\Soporte\Documents\GitHub\PVGenesis\PV\Vistas\parciales\PfrmCotizacionResultado.cs:línea 211

   14/03/2017 11:35:38 a.m.   aramirez   SOPORTE-PC   InvalidArgument=El valor de '0' no es válido para 'SelectedIndex'.
Nombre del parámetro: SelectedIndex   set_SelectedIndex      en System.Windows.Forms.ComboBox.set_SelectedIndex(Int32 value)
   en PV.Vistas.parciales.PfrmVentaNueva.agregarFinanciamiento(String formaPago, String enganche, String plazo) en C:\Users\Soporte\Documents\GitHub\PVGenesis\PV\Vistas\parciales\PfrmVentaNueva.cs:línea 341
   en PV.Vistas.parciales.PfrmCotizacionResultado.btnVenta_Click(Object sender, EventArgs e) en C:\Users\Soporte\Documents\GitHub\PVGenesis\PV\Vistas\parciales\PfrmCotizacionResultado.cs:línea 210

   14/03/2017 11:40:04 a.m.   aramirez   SOPORTE-PC   InvalidArgument=El valor de '0' no es válido para 'SelectedIndex'.
Nombre del parámetro: SelectedIndex   set_SelectedIndex      en System.Windows.Forms.ComboBox.set_SelectedIndex(Int32 value)
   en PV.Vistas.parciales.PfrmVentaNueva.agregarFinanciamiento(String formaPago, String enganche, String plazo) en C:\Users\Soporte\Documents\GitHub\PVGenesis\PV\Vistas\parciales\PfrmVentaNueva.cs:línea 341
   en PV.Vistas.parciales.PfrmCotizacionResultado.btnVenta_Click(Object sender, EventArgs e) en C:\Users\Soporte\Documents\GitHub\PVGenesis\PV\Vistas\parciales\PfrmCotizacionResultado.cs:línea 209

   14/03/2017 11:41:36 a.m.   aramirez   SOPORTE-PC   InvalidArgument=El valor de '0' no es válido para 'SelectedIndex'.
Nombre del parámetro: SelectedIndex   set_SelectedIndex      en System.Windows.Forms.ComboBox.set_SelectedIndex(Int32 value)
   en PV.Vistas.parciales.PfrmVentaNueva.agregarFinanciamiento(String formaPago, String enganche, String plazo) en C:\Users\Soporte\Documents\GitHub\PVGenesis\PV\Vistas\parciales\PfrmVentaNueva.cs:línea 341
   en PV.Vistas.parciales.PfrmCotizacionResultado.btnVenta_Click(Object sender, EventArgs e) en C:\Users\Soporte\Documents\GitHub\PVGenesis\PV\Vistas\parciales\PfrmCotizacionResultado.cs:línea 209

   14/03/2017 11:54:14 a.m.   aramirez   SOPORTE-PC   InvalidArgument=El valor de '0' no es válido para 'SelectedIndex'.
Nombre del parámetro: SelectedIndex   set_SelectedIndex      en System.Windows.Forms.ComboBox.set_SelectedIndex(Int32 value)
   en PV.Vistas.parciales.PfrmVentaNueva.agregarFinanciamiento(String formaPago, String enganche, String plazo) en C:\Users\Soporte\Documents\GitHub\PVGenesis\PV\Vistas\parciales\PfrmVentaNueva.cs:línea 341
   en PV.Vistas.parciales.PfrmCotizacionResultado.btnVenta_Click(Object sender, EventArgs e) en C:\Users\Soporte\Documents\GitHub\PVGenesis\PV\Vistas\parciales\PfrmCotizacionResultado.cs:línea 209

   14/03/2017 12:19:39 p.m.   aramirez   SOPORTE-PC   Error al convertir el tipo de datos varchar a int.   consultarTabla      en PV.ClsDb.consultarTabla(String spNombre, SqlConnection cn, SqlParameter[] arrParam) en C:\Users\Soporte\Documents\GitHub\PVGenesis\PV\DB\ClsDb.cs:línea 187
   en PV.BL.ClsVenta.grabarModificar(String idVenta, String idvehiculo, String valorVenta, String enganche, String cantidadCuotas, String cuota, String diaPago, String r1Nombre, String r1Telefono, String r1Direccion, String r2Nombre, String r2Telefono, String r2Direccion, String r3Nombre, String r3Telefono, String r3Direccion, String rutaDocumento1, String rutaDocumento2, String clNombre, String clNit, String clDPI, String clDireccion, String clTelefono, String clCorreo, String clDPIUp) en C:\Users\Soporte\Documents\GitHub\PVGenesis\PV\BL\ClsVenta.cs:línea 57
   en PV.Vistas.parciales.PfrmVentaNueva.btngrabar_Click(Object sender, EventArgs e) en C:\Users\Soporte\Documents\GitHub\PVGenesis\PV\Vistas\parciales\PfrmVentaNueva.cs:línea 934

   14/03/2017 12:19:51 p.m.   aramirez   SOPORTE-PC   Error al convertir el tipo de datos varchar a int.   consultarTabla      en PV.ClsDb.consultarTabla(String spNombre, SqlConnection cn, SqlParameter[] arrParam) en C:\Users\Soporte\Documents\GitHub\PVGenesis\PV\DB\ClsDb.cs:línea 187
   en PV.BL.ClsVenta.grabarModificar(String idVenta, String idvehiculo, String valorVenta, String enganche, String cantidadCuotas, String cuota, String diaPago, String r1Nombre, String r1Telefono, String r1Direccion, String r2Nombre, String r2Telefono, String r2Direccion, String r3Nombre, String r3Telefono, String r3Direccion, String rutaDocumento1, String rutaDocumento2, String clNombre, String clNit, String clDPI, String clDireccion, String clTelefono, String clCorreo, String clDPIUp) en C:\Users\Soporte\Documents\GitHub\PVGenesis\PV\BL\ClsVenta.cs:línea 57
   en PV.Vistas.parciales.PfrmVentaNueva.btngrabar_Click(Object sender, EventArgs e) en C:\Users\Soporte\Documents\GitHub\PVGenesis\PV\Vistas\parciales\PfrmVentaNueva.cs:línea 934

   14/03/2017 12:21:58 p.m.   aramirez   SOPORTE-PC   Error al convertir el tipo de datos varchar a int.   consultarTabla      en PV.ClsDb.consultarTabla(String spNombre, SqlConnection cn, SqlParameter[] arrParam) en C:\Users\Soporte\Documents\GitHub\PVGenesis\PV\DB\ClsDb.cs:línea 187
   en PV.BL.ClsVenta.grabarModificar(String idVenta, String idvehiculo, String valorVenta, String enganche, String cantidadCuotas, String cuota, String diaPago, String r1Nombre, String r1Telefono, String r1Direccion, String r2Nombre, String r2Telefono, String r2Direccion, String r3Nombre, String r3Telefono, String r3Direccion, String rutaDocumento1, String rutaDocumento2, String clNombre, String clNit, String clDPI, String clDireccion, String clTelefono, String clCorreo, String clDPIUp) en C:\Users\Soporte\Documents\GitHub\PVGenesis\PV\BL\ClsVenta.cs:línea 57
   en PV.Vistas.parciales.PfrmVentaNueva.btngrabar_Click(Object sender, EventArgs e) en C:\Users\Soporte\Documents\GitHub\PVGenesis\PV\Vistas\parciales\PfrmVentaNueva.cs:línea 934

   14/03/2017 12:26:48 p.m.   aramirez   SOPORTE-PC   Error al convertir el tipo de datos varchar a int.   consultarTabla      en PV.ClsDb.consultarTabla(String spNombre, SqlConnection cn, SqlParameter[] arrParam) en C:\Users\Soporte\Documents\GitHub\PVGenesis\PV\DB\ClsDb.cs:línea 187
   en PV.BL.ClsVenta.grabarModificar(String idVenta, String idvehiculo, String valorVenta, String enganche, String cantidadCuotas, String cuota, String diaPago, String r1Nombre, String r1Telefono, String r1Direccion, String r2Nombre, String r2Telefono, String r2Direccion, String r3Nombre, String r3Telefono, String r3Direccion, String rutaDocumento1, String rutaDocumento2, String clNombre, String clNit, String clDPI, String clDireccion, String clTelefono, String clCorreo, String clDPIUp) en C:\Users\Soporte\Documents\GitHub\PVGenesis\PV\BL\ClsVenta.cs:línea 57
   en PV.Vistas.parciales.PfrmVentaNueva.btngrabar_Click(Object sender, EventArgs e) en C:\Users\Soporte\Documents\GitHub\PVGenesis\PV\Vistas\parciales\PfrmVentaNueva.cs:línea 935

   14/03/2017 12:28:40 p.m.   aramirez   SOPORTE-PC   Error al convertir el tipo de datos varchar a int.   consultarTabla      en PV.ClsDb.consultarTabla(String spNombre, SqlConnection cn, SqlParameter[] arrParam) en C:\Users\Soporte\Documents\GitHub\PVGenesis\PV\DB\ClsDb.cs:línea 187
   en PV.BL.ClsVenta.grabarModificar(String idVenta, String idvehiculo, String valorVenta, String enganche, String cantidadCuotas, String cuota, String diaPago, String r1Nombre, String r1Telefono, String r1Direccion, String r2Nombre, String r2Telefono, String r2Direccion, String r3Nombre, String r3Telefono, String r3Direccion, String rutaDocumento1, String rutaDocumento2, String clNombre, String clNit, String clDPI, String clDireccion, String clTelefono, String clCorreo, String clDPIUp) en C:\Users\Soporte\Documents\GitHub\PVGenesis\PV\BL\ClsVenta.cs:línea 57
   en PV.Vistas.parciales.PfrmVentaNueva.btngrabar_Click(Object sender, EventArgs e) en C:\Users\Soporte\Documents\GitHub\PVGenesis\PV\Vistas\parciales\PfrmVentaNueva.cs:línea 935

   14/03/2017 12:32:04 p.m.   aramirez   SOPORTE-PC   Error al convertir el tipo de datos varchar a int.   consultarTabla      en PV.ClsDb.consultarTabla(String spNombre, SqlConnection cn, SqlParameter[] arrParam) en C:\Users\Soporte\Documents\GitHub\PVGenesis\PV\DB\ClsDb.cs:línea 187
   en PV.BL.ClsVenta.grabarModificar(String idVenta, String idvehiculo, String valorVenta, String enganche, String cantidadCuotas, String cuota, String diaPago, String r1Nombre, String r1Telefono, String r1Direccion, String r2Nombre, String r2Telefono, String r2Direccion, String r3Nombre, String r3Telefono, String r3Direccion, String rutaDocumento1, String rutaDocumento2, String clNombre, String clNit, String clDPI, String clDireccion, String clTelefono, String clCorreo, String clDPIUp) en C:\Users\Soporte\Documents\GitHub\PVGenesis\PV\BL\ClsVenta.cs:línea 57
   en PV.Vistas.parciales.PfrmVentaNueva.btngrabar_Click(Object sender, EventArgs e) en C:\Users\Soporte\Documents\GitHub\PVGenesis\PV\Vistas\parciales\PfrmVentaNueva.cs:línea 935

   14/03/2017 12:38:41 p.m.   aramirez   SOPORTE-PC   __Error al convertir el tipo de datos varchar a in   consultarTabla      en PV.ClsDb.consultarTabla(String spNombre, SqlConnection cn, SqlParameter[] arrParam) en C:\Users\Soporte\Documents\GitHub\PVGenesis\PV\DB\ClsDb.cs:línea 187
   en PV.BL.ClsVenta.grabarModificar(String idVenta, String idvehiculo, String valorVenta, String enganche, String cantidadCuotas, String cuota, String diaPago, String r1Nombre, String r1Telefono, String r1Direccion, String r2Nombre, String r2Telefono, String r2Direccion, String r3Nombre, String r3Telefono, String r3Direccion, String rutaDocumento1, String rutaDocumento2, String clNombre, String clNit, String clDPI, String clDireccion, String clTelefono, String clCorreo, String clDPIUp) en C:\Users\Soporte\Documents\GitHub\PVGenesis\PV\BL\ClsVenta.cs:línea 57
   en PV.Vistas.parciales.PfrmVentaNueva.btngrabar_Click(Object sender, EventArgs e) en C:\Users\Soporte\Documents\GitHub\PVGenesis\PV\Vistas\parciales\PfrmVentaNueva.cs:línea 935

   14/03/2017 12:40:14 p.m.   aramirez   SOPORTE-PC   __Error al convertir el tipo de datos varchar a in   consultarTabla      en PV.ClsDb.consultarTabla(String spNombre, SqlConnection cn, SqlParameter[] arrParam) en C:\Users\Soporte\Documents\GitHub\PVGenesis\PV\DB\ClsDb.cs:línea 187
   en PV.BL.ClsVenta.grabarModificar(String idVenta, String idvehiculo, String valorVenta, String enganche, String cantidadCuotas, String cuota, String diaPago, String r1Nombre, String r1Telefono, String r1Direccion, String r2Nombre, String r2Telefono, String r2Direccion, String r3Nombre, String r3Telefono, String r3Direccion, String rutaDocumento1, String rutaDocumento2, String clNombre, String clNit, String clDPI, String clDireccion, String clTelefono, String clCorreo, String clDPIUp) en C:\Users\Soporte\Documents\GitHub\PVGenesis\PV\BL\ClsVenta.cs:línea 57
   en PV.Vistas.parciales.PfrmVentaNueva.btngrabar_Click(Object sender, EventArgs e) en C:\Users\Soporte\Documents\GitHub\PVGenesis\PV\Vistas\parciales\PfrmVentaNueva.cs:línea 935

   14/03/2017 12:42:18 p.m.   aramirez   SOPORTE-PC   La columna 'idVenta' no pertenece a la tabla .   GetDataColumn      en System.Data.DataRow.GetDataColumn(String columnName)
   en System.Data.DataRow.get_Item(String columnName)
   en PV.Vistas.parciales.PfrmVentaNueva.btngrabar_Click(Object sender, EventArgs e) en C:\Users\Soporte\Documents\GitHub\PVGenesis\PV\Vistas\parciales\PfrmVentaNueva.cs:línea 951

   14/03/2017 12:52:38 p.m.   aramirez   SOPORTE-PC   La columna 'idVenta' no pertenece a la tabla .   GetDataColumn      en System.Data.DataRow.GetDataColumn(String columnName)
   en System.Data.DataRow.get_Item(String columnName)
   en PV.Vistas.parciales.PfrmVentaNueva.btngrabar_Click(Object sender, EventArgs e) en C:\Users\Soporte\Documents\GitHub\PVGenesis\PV\Vistas\parciales\PfrmVentaNueva.cs:línea 952

   14/03/2017 01:01:34 p.m.   aramirez   SOPORTE-PC   La columna 'idVenta' no pertenece a la tabla .   GetDataColumn      en System.Data.DataRow.GetDataColumn(String columnName)
   en System.Data.DataRow.get_Item(String columnName)
   en PV.Vistas.parciales.PfrmVentaNueva.btngrabar_Click(Object sender, EventArgs e) en C:\Users\Soporte\Documents\GitHub\PVGenesis\PV\Vistas\parciales\PfrmVentaNueva.cs:línea 952

   14/03/2017 01:04:44 p.m.   aramirez   SOPORTE-PC   La columna 'idVenta' no pertenece a la tabla .   GetDataColumn      en System.Data.DataRow.GetDataColumn(String columnName)
   en System.Data.DataRow.get_Item(String columnName)
   en PV.Vistas.parciales.PfrmVentaNueva.btngrabar_Click(Object sender, EventArgs e) en C:\Users\Soporte\Documents\GitHub\PVGenesis\PV\Vistas\parciales\PfrmVentaNueva.cs:línea 953

   14/03/2017 01:06:08 p.m.   aramirez   SOPORTE-PC   No se puede cargar el archivo o ensamblado 'Microsoft.ReportViewer.Common, Version=12.0.0.0, Culture=neutral, PublicKeyToken=89845dcd8080cc91' ni una de sus dependencias. El sistema no puede encontrar el archivo especificado.   .ctor      en Microsoft.Reporting.WinForms.LocalReport..ctor()
   en Microsoft.Reporting.WinForms.ReportViewer.Reset()
   en Microsoft.Reporting.WinForms.ReportViewer..ctor()
   en PV.FrmReporte.InitializeComponent() en C:\Users\Soporte\Documents\GitHub\PVGenesis\PV\Reportes\FrmReporte.Designer.cs:línea 31
   en PV.FrmReporte..ctor() en C:\Users\Soporte\Documents\GitHub\PVGenesis\PV\Reportes\FrmReporte.cs:línea 19
   en PV.Vistas.parciales.PfrmVentaNueva.btnImprimir_Click(Object sender, EventArgs e) en C:\Users\Soporte\Documents\GitHub\PVGenesis\PV\Vistas\parciales\PfrmVentaNueva.cs:línea 994

   14/03/2017 02:12:53 p.m.   aramirez   SOPORTE-PC   No se puede cargar el archivo o ensamblado 'Microsoft.ReportViewer.Common, Version=12.0.0.0, Culture=neutral, PublicKeyToken=89845dcd8080cc91' ni una de sus dependencias. El sistema no puede encontrar el archivo especificado.   .ctor      en Microsoft.Reporting.WinForms.LocalReport..ctor()
   en Microsoft.Reporting.WinForms.ReportViewer.Reset()
   en Microsoft.Reporting.WinForms.ReportViewer..ctor()
   en PV.FrmReporte.InitializeComponent() en C:\Users\Soporte\Documents\GitHub\PVGenesis\PV\Reportes\FrmReporte.Designer.cs:línea 31
   en PV.FrmReporte..ctor() en C:\Users\Soporte\Documents\GitHub\PVGenesis\PV\Reportes\FrmReporte.cs:línea 19
   en PV.FrmPago.mostrarEstadoCuenta() en C:\Users\Soporte\Documents\GitHub\PVGenesis\PV\Vistas\movimientos\FrmPago.cs:línea 110
   en PV.FrmPago.grdVenta_CellClick(Object sender, DataGridViewCellEventArgs e) en C:\Users\Soporte\Documents\GitHub\PVGenesis\PV\Vistas\movimientos\FrmPago.cs:línea 54

   14/03/2017 02:16:49 p.m.   aramirez   SOPORTE-PC   La conversión del tipo de datos varchar en datetime produjo un valor fuera de intervalo.
Se terminó la instrucción.   consultarTabla      en PV.ClsDb.consultarTabla(String sqlQuery, SqlConnection cn) en C:\Users\Soporte\Documents\GitHub\PVGenesis\PV\DB\ClsDb.cs:línea 127
   en PV.BL.ClsReportes.clientesMorosos() en C:\Users\Soporte\Documents\GitHub\PVGenesis\PV\BL\ClsReportes.cs:línea 46
   en PV.FrmMain.mostrarAlerta() en C:\Users\Soporte\Documents\GitHub\PVGenesis\PV\Vistas\FrmMain.cs:línea 180
   en PV.FrmMain.FrmMain_Load(Object sender, EventArgs e) en C:\Users\Soporte\Documents\GitHub\PVGenesis\PV\Vistas\FrmMain.cs:línea 33

   14/03/2017 02:17:12 p.m.   aramirez   SOPORTE-PC   La conversión del tipo de datos varchar en datetime produjo un valor fuera de intervalo.
Se terminó la instrucción.   consultarTabla      en PV.ClsDb.consultarTabla(String sqlQuery, SqlConnection cn) en C:\Users\Soporte\Documents\GitHub\PVGenesis\PV\DB\ClsDb.cs:línea 127
   en PV.BL.ClsReportes.clientesMorosos() en C:\Users\Soporte\Documents\GitHub\PVGenesis\PV\BL\ClsReportes.cs:línea 46
   en PV.FrmMain.mostrarAlerta() en C:\Users\Soporte\Documents\GitHub\PVGenesis\PV\Vistas\FrmMain.cs:línea 180
   en PV.FrmMain.FrmMain_Load(Object sender, EventArgs e) en C:\Users\Soporte\Documents\GitHub\PVGenesis\PV\Vistas\FrmMain.cs:línea 33

   14/03/2017 02:17:53 p.m.   aramirez   SOPORTE-PC   La conversión del tipo de datos varchar en datetime produjo un valor fuera de intervalo.
Se terminó la instrucción.   consultarTabla      en PV.ClsDb.consultarTabla(String sqlQuery, SqlConnection cn) en C:\Users\Soporte\Documents\GitHub\PVGenesis\PV\DB\ClsDb.cs:línea 127
   en PV.BL.ClsReportes.clientesMorosos() en C:\Users\Soporte\Documents\GitHub\PVGenesis\PV\BL\ClsReportes.cs:línea 46
   en PV.FrmMain.mostrarAlerta() en C:\Users\Soporte\Documents\GitHub\PVGenesis\PV\Vistas\FrmMain.cs:línea 180
   en PV.FrmMain.FrmMain_Load(Object sender, EventArgs e) en C:\Users\Soporte\Documents\GitHub\PVGenesis\PV\Vistas\FrmMain.cs:línea 33

   14/03/2017 02:18:58 p.m.   aramirez   SOPORTE-PC   La conversión del tipo de datos varchar en datetime produjo un valor fuera de intervalo.
Se terminó la instrucción.   consultarTabla      en PV.ClsDb.consultarTabla(String sqlQuery, SqlConnection cn) en C:\Users\Soporte\Documents\GitHub\PVGenesis\PV\DB\ClsDb.cs:línea 127
   en PV.BL.ClsReportes.clientesMorosos() en C:\Users\Soporte\Documents\GitHub\PVGenesis\PV\BL\ClsReportes.cs:línea 46
   en PV.FrmMain.mostrarAlerta() en C:\Users\Soporte\Documents\GitHub\PVGenesis\PV\Vistas\FrmMain.cs:línea 180
   en PV.FrmMain.FrmMain_Load(Object sender, EventArgs e) en C:\Users\Soporte\Documents\GitHub\PVGenesis\PV\Vistas\FrmMain.cs:línea 33

   14/03/2017 02:30:51 p.m.   aramirez   SOPORTE-PC   La conversión del tipo de datos varchar en datetime produjo un valor fuera de intervalo.
Se terminó la instrucción.   consultarTabla      en PV.ClsDb.consultarTabla(String sqlQuery, SqlConnection cn) en C:\Users\Soporte\Documents\GitHub\PVGenesis\PV\DB\ClsDb.cs:línea 127
   en PV.BL.ClsReportes.clientesMorosos() en C:\Users\Soporte\Documents\GitHub\PVGenesis\PV\BL\ClsReportes.cs:línea 46
   en PV.FrmMain.mostrarAlerta() en C:\Users\Soporte\Documents\GitHub\PVGenesis\PV\Vistas\FrmMain.cs:línea 180
   en PV.FrmMain.FrmMain_Load(Object sender, EventArgs e) en C:\Users\Soporte\Documents\GitHub\PVGenesis\PV\Vistas\FrmMain.cs:línea 33

